<?xml version="1.0" encoding="UTF-8"?>
<!-- Generated by org.testng.reporters.JUnitReportReporter -->
<testsuite name="PHP_TRAVELS.PHP_AUTOMATION.registration" tests="1" time="12.900" ignored="0" failures="0" timestamp="31 Oct 2019 07:28:35 GMT" skipped="0" hostname="CBT-MH-000" errors="0">
  <testcase name="main" time="12.900" classname="PHP_TRAVELS.PHP_AUTOMATION.registration"/>
</testsuite> <!-- PHP_TRAVELS.PHP_AUTOMATION.registration -->
