<?xml version="1.0" encoding="UTF-8"?>
<!-- Generated by org.testng.reporters.JUnitReportReporter -->
<testsuite name="PHP_TRAVELS.PHP_AUTOMATION.Testflightsearch" tests="1" time="21.652" ignored="0" failures="0" timestamp="31 Oct 2019 07:28:35 GMT" skipped="0" hostname="CBT-MH-000" errors="0">
  <testcase name="flightSearch" time="21.652" classname="PHP_TRAVELS.PHP_AUTOMATION.Testflightsearch"/>
</testsuite> <!-- PHP_TRAVELS.PHP_AUTOMATION.Testflightsearch -->
